<?xml version="1.0" encoding="UTF-8"?>
<!-- Generated by org.testng.reporters.JUnitXMLReporter -->
<testsuite hostname="DESKTOP-482OVNE" ignored="3" name="Default test" tests="1" failures="0" timestamp="23 Oct 2018 15:44:26 GMT" time="0.049" errors="0">
  <testcase name="method4" time="0.018" classname="com.accenture.Bdc7"/>
  <testcase name="method3" time="0.0" classname="com.accenture.Bdc7">
    <ignored/>
  </testcase> <!-- method3 -->
  <testcase name="method2" time="0.0" classname="com.accenture.Bdc7">
    <ignored/>
  </testcase> <!-- method2 -->
  <testcase name="method1" time="0.0" classname="com.accenture.Bdc7">
    <ignored/>
  </testcase> <!-- method1 -->
</testsuite> <!-- Default test -->
